TN:
SF:lib\ioUtil.js
FN:10,(anonymous_0)
FN:25,(anonymous_1)
FN:43,(anonymous_2)
FN:61,(anonymous_3)
FN:79,(anonymous_4)
FN:98,(anonymous_5)
FN:101,(anonymous_6)
FN:124,(anonymous_7)
FN:137,(anonymous_8)
FN:151,(anonymous_9)
FN:165,(anonymous_10)
FN:179,(anonymous_11)
FN:190,(anonymous_12)
FN:203,(anonymous_13)
FN:216,(anonymous_14)
FN:229,(anonymous_15)
FN:243,(anonymous_16)
FN:257,(anonymous_17)
FN:270,(anonymous_18)
FN:282,(anonymous_19)
FN:294,(anonymous_20)
FN:296,(anonymous_21)
FN:302,(anonymous_22)
FN:312,(anonymous_23)
FN:322,(anonymous_24)
FN:332,(anonymous_25)
FN:340,(anonymous_26)
FN:349,(anonymous_27)
FN:362,(anonymous_28)
FN:376,convertObjects
FN:377,(anonymous_30)
FNF:31
FNH:29
FNDA:49,(anonymous_0)
FNDA:1,(anonymous_1)
FNDA:1,(anonymous_2)
FNDA:1,(anonymous_3)
FNDA:1,(anonymous_4)
FNDA:2,(anonymous_5)
FNDA:2,(anonymous_6)
FNDA:1,(anonymous_7)
FNDA:1,(anonymous_8)
FNDA:1,(anonymous_9)
FNDA:1,(anonymous_10)
FNDA:2,(anonymous_11)
FNDA:1,(anonymous_12)
FNDA:1,(anonymous_13)
FNDA:1,(anonymous_14)
FNDA:1,(anonymous_15)
FNDA:1,(anonymous_16)
FNDA:9,(anonymous_17)
FNDA:11,(anonymous_18)
FNDA:1,(anonymous_19)
FNDA:2,(anonymous_20)
FNDA:3,(anonymous_21)
FNDA:1,(anonymous_22)
FNDA:21,(anonymous_23)
FNDA:57,(anonymous_24)
FNDA:0,(anonymous_25)
FNDA:0,(anonymous_26)
FNDA:1,(anonymous_27)
FNDA:3,(anonymous_28)
FNDA:1,convertObjects
FNDA:2,(anonymous_30)
DA:11,49
DA:12,49
DA:13,49
DA:14,49
DA:15,49
DA:26,1
DA:27,1
DA:28,1
DA:33,1
DA:44,1
DA:45,1
DA:46,1
DA:51,1
DA:62,1
DA:63,1
DA:64,1
DA:69,1
DA:80,1
DA:81,1
DA:82,1
DA:88,1
DA:99,2
DA:100,2
DA:101,2
DA:102,2
DA:107,2
DA:108,1
DA:110,1
DA:111,1
DA:125,1
DA:126,1
DA:127,1
DA:138,1
DA:139,1
DA:140,1
DA:152,1
DA:153,1
DA:154,1
DA:166,1
DA:167,1
DA:168,1
DA:180,2
DA:181,2
DA:182,2
DA:191,1
DA:192,1
DA:204,1
DA:205,1
DA:206,1
DA:217,1
DA:218,1
DA:219,1
DA:230,1
DA:231,1
DA:232,1
DA:244,1
DA:245,1
DA:246,1
DA:258,9
DA:259,9
DA:260,2
DA:262,7
DA:263,7
DA:271,11
DA:272,11
DA:273,5
DA:275,11
DA:283,1
DA:284,1
DA:285,1
DA:287,1
DA:295,2
DA:296,3
DA:303,1
DA:304,1
DA:305,1
DA:313,21
DA:314,21
DA:323,57
DA:324,57
DA:333,0
DA:341,0
DA:350,1
DA:363,3
DA:364,3
DA:365,1
DA:367,2
DA:377,1
DA:378,2
DA:379,2
DA:383,1
LF:91
LH:89
BRDA:27,0,0,1
BRDA:27,0,1,0
BRDA:27,1,0,1
BRDA:27,1,1,0
BRDA:45,2,0,1
BRDA:45,2,1,0
BRDA:45,3,0,1
BRDA:45,3,1,0
BRDA:63,4,0,0
BRDA:63,4,1,1
BRDA:63,5,0,0
BRDA:63,5,1,1
BRDA:81,6,0,1
BRDA:81,6,1,0
BRDA:81,7,0,1
BRDA:81,7,1,0
BRDA:100,8,0,2
BRDA:100,8,1,0
BRDA:100,9,0,2
BRDA:100,9,1,0
BRDA:107,10,0,1
BRDA:107,10,1,1
BRDA:108,11,0,1
BRDA:108,11,1,0
BRDA:110,12,0,1
BRDA:110,12,1,0
BRDA:126,13,0,1
BRDA:126,13,1,0
BRDA:126,14,0,1
BRDA:126,14,1,0
BRDA:139,15,0,1
BRDA:139,15,1,0
BRDA:139,16,0,1
BRDA:139,16,1,0
BRDA:153,17,0,1
BRDA:153,17,1,0
BRDA:153,18,0,1
BRDA:153,18,1,0
BRDA:167,19,0,1
BRDA:167,19,1,0
BRDA:167,20,0,1
BRDA:167,20,1,0
BRDA:181,21,0,2
BRDA:181,21,1,0
BRDA:181,22,0,2
BRDA:181,22,1,0
BRDA:182,23,0,1
BRDA:182,23,1,1
BRDA:204,24,0,1
BRDA:204,24,1,0
BRDA:204,25,0,1
BRDA:204,25,1,0
BRDA:205,26,0,1
BRDA:205,26,1,0
BRDA:205,27,0,1
BRDA:205,27,1,0
BRDA:218,28,0,1
BRDA:218,28,1,0
BRDA:218,29,0,1
BRDA:218,29,1,0
BRDA:231,30,0,1
BRDA:231,30,1,0
BRDA:231,31,0,1
BRDA:231,31,1,0
BRDA:245,32,0,1
BRDA:245,32,1,0
BRDA:245,33,0,1
BRDA:245,33,1,0
BRDA:246,34,0,0
BRDA:246,34,1,1
BRDA:257,35,0,9
BRDA:257,36,0,9
BRDA:259,37,0,2
BRDA:259,37,1,7
BRDA:272,38,0,5
BRDA:272,38,1,6
BRDA:284,39,0,1
BRDA:284,39,1,0
BRDA:313,40,0,21
BRDA:313,40,1,0
BRDA:323,41,0,57
BRDA:323,41,1,0
BRDA:364,42,0,1
BRDA:364,42,1,2
BRDA:364,43,0,3
BRDA:364,43,1,3
BRDA:364,43,2,2
BRF:87
BRH:51
end_of_record
TN:
SF:lib\skiinfoserver.js
FN:27,(anonymous_0)
FN:48,(anonymous_1)
FN:60,(anonymous_2)
FN:78,(anonymous_3)
FN:93,(anonymous_4)
FN:109,(anonymous_5)
FN:123,(anonymous_6)
FN:142,(anonymous_7)
FN:159,(anonymous_8)
FN:189,(anonymous_9)
FN:216,(anonymous_10)
FN:247,(anonymous_11)
FN:268,(anonymous_12)
FN:274,(anonymous_13)
FN:308,(anonymous_14)
FN:314,(anonymous_15)
FNF:16
FNH:14
FNDA:24,(anonymous_0)
FNDA:1,(anonymous_1)
FNDA:3,(anonymous_2)
FNDA:0,(anonymous_3)
FNDA:0,(anonymous_4)
FNDA:2,(anonymous_5)
FNDA:1,(anonymous_6)
FNDA:2,(anonymous_7)
FNDA:5,(anonymous_8)
FNDA:2,(anonymous_9)
FNDA:2,(anonymous_10)
FNDA:2,(anonymous_11)
FNDA:2,(anonymous_12)
FNDA:1,(anonymous_13)
FNDA:2,(anonymous_14)
FNDA:2,(anonymous_15)
DA:2,1
DA:4,1
DA:5,1
DA:28,24
DA:29,24
DA:30,24
DA:39,24
DA:40,24
DA:49,1
DA:50,1
DA:51,1
DA:52,1
DA:61,3
DA:62,3
DA:63,3
DA:64,3
DA:65,1
DA:66,1
DA:68,3
DA:69,3
DA:70,2
DA:79,0
DA:80,0
DA:81,0
DA:82,0
DA:94,0
DA:95,0
DA:96,0
DA:97,0
DA:98,0
DA:99,0
DA:100,0
DA:101,0
DA:102,0
DA:110,2
DA:112,2
DA:113,3
DA:114,3
DA:115,2
DA:124,1
DA:125,1
DA:126,1
DA:143,2
DA:144,2
DA:145,2
DA:146,2
DA:147,2
DA:148,1
DA:150,1
DA:160,5
DA:161,5
DA:162,1
DA:163,1
DA:165,5
DA:166,1
DA:167,1
DA:169,5
DA:170,1
DA:171,1
DA:173,5
DA:174,1
DA:175,1
DA:177,5
DA:178,1
DA:179,1
DA:190,2
DA:191,2
DA:192,2
DA:193,2
DA:194,2
DA:195,1
DA:198,2
DA:202,2
DA:205,2
DA:206,2
DA:217,2
DA:218,2
DA:219,2
DA:220,2
DA:221,2
DA:222,2
DA:223,1
DA:224,1
DA:225,1
DA:226,1
DA:230,2
DA:234,2
DA:237,2
DA:238,2
DA:248,2
DA:249,2
DA:253,2
DA:256,2
DA:257,1
DA:269,2
DA:270,2
DA:271,2
DA:272,2
DA:274,2
DA:275,2
DA:276,1
DA:280,1
DA:281,1
DA:282,1
DA:283,1
DA:285,1
DA:289,2
DA:293,2
DA:296,2
DA:297,2
DA:309,2
DA:310,2
DA:311,2
DA:312,2
DA:314,2
DA:315,2
DA:316,1
DA:317,1
DA:318,1
DA:319,1
DA:320,1
DA:322,1
DA:326,2
DA:330,2
DA:333,2
DA:334,2
DA:340,1
LF:127
LH:114
BRDA:64,0,0,1
BRDA:64,0,1,2
BRDA:69,1,0,2
BRDA:69,1,1,1
BRDA:113,2,0,3
BRDA:113,2,1,3
BRDA:114,3,0,2
BRDA:114,3,1,1
BRDA:148,4,0,1
BRDA:148,4,1,0
BRDA:161,5,0,1
BRDA:161,5,1,4
BRDA:165,6,0,1
BRDA:165,6,1,4
BRDA:169,7,0,1
BRDA:169,7,1,4
BRDA:173,8,0,1
BRDA:173,8,1,4
BRDA:177,9,0,1
BRDA:177,9,1,4
BRDA:191,10,0,2
BRDA:191,10,1,0
BRDA:192,11,0,2
BRDA:192,11,1,0
BRDA:194,12,0,1
BRDA:194,12,1,1
BRDA:205,13,0,2
BRDA:205,13,1,0
BRDA:218,14,0,2
BRDA:218,14,1,0
BRDA:219,15,0,2
BRDA:219,15,1,0
BRDA:220,16,0,2
BRDA:220,16,1,1
BRDA:222,17,0,1
BRDA:222,17,1,1
BRDA:225,18,0,1
BRDA:225,18,1,0
BRDA:237,19,0,2
BRDA:237,19,1,0
BRDA:256,20,0,1
BRDA:256,20,1,1
BRDA:270,21,0,2
BRDA:270,21,1,0
BRDA:271,22,0,2
BRDA:271,22,1,0
BRDA:272,23,0,2
BRDA:272,23,1,0
BRDA:274,24,0,1
BRDA:274,24,1,1
BRDA:275,25,0,1
BRDA:275,25,1,1
BRDA:296,26,0,2
BRDA:296,26,1,0
BRDA:310,27,0,2
BRDA:310,27,1,0
BRDA:311,28,0,2
BRDA:311,28,1,0
BRDA:312,29,0,2
BRDA:312,29,1,0
BRDA:314,30,0,2
BRDA:314,30,1,2
BRDA:315,31,0,1
BRDA:315,31,1,1
BRDA:333,32,0,2
BRDA:333,32,1,0
BRF:66
BRH:50
end_of_record
TN:
SF:lib\ski\SkiArea.js
FN:12,(anonymous_0)
FN:28,(anonymous_1)
FN:65,(anonymous_2)
FN:86,(anonymous_3)
FNF:4
FNH:4
FNDA:16,(anonymous_0)
FNDA:5,(anonymous_1)
FNDA:3,(anonymous_2)
FNDA:1,(anonymous_3)
DA:1,1
DA:2,1
DA:3,1
DA:13,16
DA:14,16
DA:15,16
DA:29,5
DA:30,5
DA:31,5
DA:32,5
DA:33,5
DA:34,5
DA:35,5
DA:37,5
DA:39,5
DA:40,5
DA:41,5
DA:42,5
DA:44,5
DA:47,5
DA:48,5
DA:49,5
DA:51,5
DA:52,3
DA:53,1
DA:54,1
DA:55,1
DA:66,3
DA:87,1
LF:29
LH:29
BRDA:33,0,0,5
BRDA:33,0,1,0
BRDA:35,1,0,5
BRDA:35,1,1,5
BRDA:35,1,2,0
BRDA:40,2,0,5
BRDA:40,2,1,0
BRDA:41,3,0,5
BRDA:41,3,1,0
BRDA:42,4,0,5
BRDA:42,4,1,0
BRDA:44,5,0,5
BRDA:44,5,1,0
BRDA:47,6,0,5
BRDA:47,6,1,0
BRDA:48,7,0,5
BRDA:48,7,1,0
BRDA:51,8,0,3
BRDA:51,8,1,2
BRDA:53,9,0,1
BRDA:53,9,1,0
BRDA:93,10,0,1
BRDA:93,10,1,0
BRF:23
BRH:13
end_of_record
TN:
SF:lib\ski\SkiCache.js
FN:9,(anonymous_0)
FNF:1
FNH:1
FNDA:2,(anonymous_0)
DA:1,1
DA:2,2
DA:10,2
LF:3
LH:3
BRF:0
BRH:0
end_of_record
TN:
SF:lib\ski\SkiConfig.js
FN:9,(anonymous_0)
FN:17,(anonymous_1)
FN:25,(anonymous_2)
FNF:3
FNH:3
FNDA:20,(anonymous_0)
FNDA:1,(anonymous_1)
FNDA:2,(anonymous_2)
DA:1,1
DA:2,1
DA:3,1
DA:10,20
DA:18,1
DA:26,2
LF:6
LH:6
BRF:0
BRH:0
end_of_record
TN:
SF:lib\ski\SkiCountry.js
FN:15,(anonymous_0)
FN:31,(anonymous_1)
FN:51,(anonymous_2)
FN:77,(anonymous_3)
FN:96,(anonymous_4)
FN:109,(anonymous_5)
FN:118,(anonymous_6)
FN:119,(anonymous_7)
FN:127,(anonymous_8)
FN:128,(anonymous_9)
FN:135,(anonymous_10)
FN:144,(anonymous_11)
FN:145,(anonymous_12)
FN:153,(anonymous_13)
FN:154,(anonymous_14)
FN:167,(anonymous_15)
FN:172,(anonymous_16)
FN:173,(anonymous_17)
FN:182,(anonymous_18)
FN:183,(anonymous_19)
FNF:20
FNH:18
FNDA:15,(anonymous_0)
FNDA:1,(anonymous_1)
FNDA:1,(anonymous_2)
FNDA:1,(anonymous_3)
FNDA:1,(anonymous_4)
FNDA:0,(anonymous_5)
FNDA:2,(anonymous_6)
FNDA:3,(anonymous_7)
FNDA:1,(anonymous_8)
FNDA:2,(anonymous_9)
FNDA:0,(anonymous_10)
FNDA:1,(anonymous_11)
FNDA:1,(anonymous_12)
FNDA:4,(anonymous_13)
FNDA:7,(anonymous_14)
FNDA:1,(anonymous_15)
FNDA:1,(anonymous_16)
FNDA:1,(anonymous_17)
FNDA:2,(anonymous_18)
FNDA:4,(anonymous_19)
DA:1,1
DA:2,1
DA:3,1
DA:4,1
DA:5,1
DA:16,15
DA:17,15
DA:18,15
DA:19,15
DA:20,15
DA:21,15
DA:22,15
DA:32,1
DA:33,1
DA:34,1
DA:35,1
DA:36,1
DA:37,1
DA:39,1
DA:40,1
DA:52,1
DA:53,1
DA:54,1
DA:56,1
DA:57,2
DA:58,2
DA:59,2
DA:60,1
DA:62,2
DA:78,1
DA:79,1
DA:80,1
DA:81,1
DA:83,2
DA:84,2
DA:85,2
DA:97,1
DA:98,1
DA:99,1
DA:100,1
DA:101,1
DA:110,0
DA:119,3
DA:128,2
DA:136,0
DA:145,1
DA:154,7
DA:168,1
DA:172,1
DA:173,1
DA:183,4
LF:51
LH:49
BRDA:35,0,0,1
BRDA:35,0,1,0
BRDA:37,1,0,1
BRDA:37,1,1,1
BRDA:37,1,2,0
BRDA:59,2,0,1
BRDA:59,2,1,1
BRDA:97,3,0,1
BRDA:97,3,1,0
BRF:9
BRH:6
end_of_record
TN:
SF:lib\ski\SkiCountryList.js
FN:14,(anonymous_0)
FN:27,(anonymous_1)
FN:42,(anonymous_2)
FN:46,(anonymous_3)
FN:60,(anonymous_4)
FN:69,(anonymous_5)
FN:70,(anonymous_6)
FN:78,(anonymous_7)
FN:79,(anonymous_8)
FN:92,(anonymous_9)
FN:93,(anonymous_10)
FN:101,(anonymous_11)
FN:102,(anonymous_12)
FNF:13
FNH:10
FNDA:4,(anonymous_0)
FNDA:0,(anonymous_1)
FNDA:0,(anonymous_2)
FNDA:0,(anonymous_3)
FNDA:1,(anonymous_4)
FNDA:2,(anonymous_5)
FNDA:2,(anonymous_6)
FNDA:1,(anonymous_7)
FNDA:1,(anonymous_8)
FNDA:1,(anonymous_9)
FNDA:2,(anonymous_10)
FNDA:1,(anonymous_11)
FNDA:2,(anonymous_12)
DA:1,1
DA:2,1
DA:3,1
DA:5,1
DA:6,4
DA:15,4
DA:16,4
DA:28,0
DA:29,0
DA:30,0
DA:44,0
DA:45,0
DA:46,0
DA:47,0
DA:48,0
DA:49,0
DA:51,0
DA:52,0
DA:53,0
DA:61,1
DA:70,2
DA:79,1
DA:93,2
DA:102,2
LF:24
LH:12
BRF:0
BRH:0
end_of_record
TN:
SF:lib\ski\SkiRegion.js
FN:14,(anonymous_0)
FN:29,(anonymous_1)
FN:50,(anonymous_2)
FN:66,(anonymous_3)
FN:88,(anonymous_4)
FN:89,(anonymous_5)
FN:102,(anonymous_6)
FNF:7
FNH:6
FNDA:10,(anonymous_0)
FNDA:3,(anonymous_1)
FNDA:0,(anonymous_2)
FNDA:2,(anonymous_3)
FNDA:1,(anonymous_4)
FNDA:3,(anonymous_5)
FNDA:1,(anonymous_6)
DA:1,1
DA:2,1
DA:3,1
DA:4,1
DA:15,10
DA:16,10
DA:17,10
DA:18,10
DA:19,10
DA:20,10
DA:30,3
DA:31,3
DA:32,3
DA:33,3
DA:34,3
DA:35,3
DA:38,3
DA:39,3
DA:51,0
DA:52,0
DA:53,0
DA:67,2
DA:68,2
DA:69,2
DA:70,2
DA:71,2
DA:72,2
DA:73,2
DA:74,2
DA:75,1
DA:76,1
DA:78,1
DA:80,2
DA:89,3
DA:103,1
LF:35
LH:32
BRDA:33,0,0,3
BRDA:33,0,1,0
BRDA:35,1,0,3
BRDA:35,1,1,3
BRDA:35,1,2,0
BRDA:74,2,0,1
BRDA:74,2,1,1
BRF:7
BRH:5
end_of_record
TN:
SF:lib\ski\SkiUtil.js
FN:14,(anonymous_0)
FN:35,(anonymous_1)
FN:38,(anonymous_2)
FN:110,(anonymous_3)
FN:111,(anonymous_4)
FNF:5
FNH:3
FNDA:1,(anonymous_0)
FNDA:1,(anonymous_1)
FNDA:1,(anonymous_2)
FNDA:0,(anonymous_3)
FNDA:0,(anonymous_4)
DA:1,1
DA:2,1
DA:3,1
DA:7,1
DA:15,1
DA:16,1
DA:17,1
DA:36,1
DA:37,1
DA:38,1
DA:39,1
DA:40,0
DA:41,0
DA:42,0
DA:44,1
DA:45,0
DA:46,0
DA:47,0
DA:48,0
DA:49,0
DA:72,0
DA:73,0
DA:92,0
DA:94,0
DA:95,0
DA:97,0
DA:98,0
DA:99,0
DA:101,1
DA:102,1
DA:111,0
LF:31
LH:14
BRDA:39,0,0,0
BRDA:39,0,1,1
BRDA:44,1,0,0
BRDA:44,1,1,1
BRF:4
BRH:2
end_of_record
